mode: set
/home/nikitas/projects/actors-go/udp/client-handling.go:16.87,21.71 5 1
/home/nikitas/projects/actors-go/udp/client-handling.go:21.71,23.3 1 1
/home/nikitas/projects/actors-go/udp/client-handling.go:23.8,23.81 1 1
/home/nikitas/projects/actors-go/udp/client-handling.go:23.81,25.3 1 1
/home/nikitas/projects/actors-go/udp/client-handling.go:25.8,25.81 1 1
/home/nikitas/projects/actors-go/udp/client-handling.go:25.81,27.3 1 1
/home/nikitas/projects/actors-go/udp/client-handling.go:28.2,28.16 1 1
/home/nikitas/projects/actors-go/udp/client-handling.go:28.16,30.3 1 0
/home/nikitas/projects/actors-go/udp/client-handling.go:33.42,35.20 2 1
/home/nikitas/projects/actors-go/udp/client-handling.go:35.20,38.3 2 1
/home/nikitas/projects/actors-go/udp/client-handling.go:39.2,40.16 2 1
/home/nikitas/projects/actors-go/udp/client-handling.go:40.16,42.3 1 0
/home/nikitas/projects/actors-go/udp/client-handling.go:43.2,43.12 1 1
/home/nikitas/projects/actors-go/udp/client-handling.go:46.67,49.20 2 1
/home/nikitas/projects/actors-go/udp/client-handling.go:49.20,52.3 2 1
/home/nikitas/projects/actors-go/udp/client-handling.go:53.2,57.25 5 1
/home/nikitas/projects/actors-go/udp/client-handling.go:57.25,60.3 2 1
/home/nikitas/projects/actors-go/udp/client-handling.go:61.2,61.39 1 1
/home/nikitas/projects/actors-go/udp/client-handling.go:61.39,64.3 2 1
/home/nikitas/projects/actors-go/udp/client-handling.go:65.2,66.37 2 1
/home/nikitas/projects/actors-go/udp/client-handling.go:66.37,68.3 1 0
/home/nikitas/projects/actors-go/udp/client-handling.go:69.2,69.43 1 1
/home/nikitas/projects/actors-go/udp/client-handling.go:72.67,75.20 2 1
/home/nikitas/projects/actors-go/udp/client-handling.go:75.20,78.3 2 1
/home/nikitas/projects/actors-go/udp/client-handling.go:79.2,81.19 3 1
/home/nikitas/projects/actors-go/udp/client-handling.go:81.19,84.3 2 1
/home/nikitas/projects/actors-go/udp/client-handling.go:85.2,86.25 2 1
/home/nikitas/projects/actors-go/udp/client-handling.go:86.25,89.3 2 1
/home/nikitas/projects/actors-go/udp/client-handling.go:90.2,91.16 2 1
/home/nikitas/projects/actors-go/udp/client-handling.go:91.16,94.3 2 1
/home/nikitas/projects/actors-go/udp/client-handling.go:95.2,96.16 2 1
/home/nikitas/projects/actors-go/udp/client-handling.go:96.16,98.3 1 0
/home/nikitas/projects/actors-go/udp/client-handling.go:99.2,99.12 1 1
/home/nikitas/projects/actors-go/udp/client-handling.go:103.73,105.16 2 1
/home/nikitas/projects/actors-go/udp/client-handling.go:105.16,107.3 1 1
/home/nikitas/projects/actors-go/udp/client-handling.go:108.2,108.13 1 1
/home/nikitas/projects/actors-go/udp/client-handling.go:111.49,113.16 2 1
/home/nikitas/projects/actors-go/udp/client-handling.go:113.16,115.3 1 0
/home/nikitas/projects/actors-go/udp/client-handling.go:116.2,116.12 1 1
/home/nikitas/projects/actors-go/udp/main.go:16.13,33.39 17 1
/home/nikitas/projects/actors-go/udp/main.go:33.39,36.3 2 1
/home/nikitas/projects/actors-go/udp/main.go:37.2,58.16 10 1
/home/nikitas/projects/actors-go/udp/main.go:58.16,60.3 1 0
/home/nikitas/projects/actors-go/udp/server.go:45.9,49.16 4 1
/home/nikitas/projects/actors-go/udp/server.go:49.16,51.3 1 0
/home/nikitas/projects/actors-go/udp/server.go:52.2,58.16 3 1
/home/nikitas/projects/actors-go/udp/server.go:58.16,60.3 1 0
/home/nikitas/projects/actors-go/udp/server.go:61.2,81.16 7 1
/home/nikitas/projects/actors-go/udp/server.go:81.16,84.3 2 0
/home/nikitas/projects/actors-go/udp/server.go:85.2,87.39 2 1
/home/nikitas/projects/actors-go/udp/server.go:87.39,89.3 1 1
/home/nikitas/projects/actors-go/udp/server.go:90.2,92.24 3 1
/home/nikitas/projects/actors-go/udp/server.go:92.24,93.10 1 1
/home/nikitas/projects/actors-go/udp/server.go:94.25,96.14 2 1
/home/nikitas/projects/actors-go/udp/server.go:96.14,100.5 2 1
/home/nikitas/projects/actors-go/udp/server.go:101.21,102.21 1 1
/home/nikitas/projects/actors-go/udp/server.go:105.2,105.12 1 1
/home/nikitas/projects/actors-go/udp/server.go:112.3,115.24 3 1
/home/nikitas/projects/actors-go/udp/server.go:115.24,116.10 1 1
/home/nikitas/projects/actors-go/udp/server.go:117.21,118.21 1 1
/home/nikitas/projects/actors-go/udp/server.go:119.11,122.56 3 1
/home/nikitas/projects/actors-go/udp/server.go:122.56,123.13 1 1
/home/nikitas/projects/actors-go/udp/server.go:124.10,124.25 1 1
/home/nikitas/projects/actors-go/udp/server.go:124.25,127.13 3 0
/home/nikitas/projects/actors-go/udp/server.go:129.4,132.50 4 1
