mode: set
/home/nikitas/projects/actors-go/logger/logger.go:46.62,48.16 2 1
/home/nikitas/projects/actors-go/logger/logger.go:48.16,50.3 1 1
/home/nikitas/projects/actors-go/logger/logger.go:51.2,55.33 2 1
/home/nikitas/projects/actors-go/logger/logger.go:55.33,57.3 1 1
/home/nikitas/projects/actors-go/logger/logger.go:58.2,65.16 8 1
/home/nikitas/projects/actors-go/logger/logger.go:65.16,67.3 1 1
/home/nikitas/projects/actors-go/logger/logger.go:68.2,70.16 3 1
/home/nikitas/projects/actors-go/logger/logger.go:70.16,72.3 1 0
/home/nikitas/projects/actors-go/logger/logger.go:73.2,74.21 2 1
/home/nikitas/projects/actors-go/logger/logger.go:74.21,75.10 1 1
/home/nikitas/projects/actors-go/logger/logger.go:76.36,77.20 1 0
/home/nikitas/projects/actors-go/logger/logger.go:78.38,81.18 3 1
/home/nikitas/projects/actors-go/logger/logger.go:81.18,83.5 1 0
/home/nikitas/projects/actors-go/logger/logger.go:84.4,84.55 1 1
/home/nikitas/projects/actors-go/logger/logger.go:84.55,85.13 1 0
/home/nikitas/projects/actors-go/logger/logger.go:88.4,88.28 1 1
/home/nikitas/projects/actors-go/logger/logger.go:89.21,90.18 1 0
/home/nikitas/projects/actors-go/logger/logger.go:93.2,93.12 1 0
/home/nikitas/projects/actors-go/logger/logger.go:96.69,102.16 6 1
/home/nikitas/projects/actors-go/logger/logger.go:102.16,105.3 2 0
/home/nikitas/projects/actors-go/logger/logger.go:106.2,113.16 4 1
/home/nikitas/projects/actors-go/logger/logger.go:113.16,116.3 2 0
/home/nikitas/projects/actors-go/logger/logger.go:117.2,117.27 1 1
/home/nikitas/projects/actors-go/logger/logger.go:117.27,119.3 1 0
/home/nikitas/projects/actors-go/logger/logger.go:120.2,120.24 1 1
/home/nikitas/projects/actors-go/logger/logger.go:123.89,140.16 3 1
/home/nikitas/projects/actors-go/logger/logger.go:140.16,142.3 1 0
/home/nikitas/projects/actors-go/logger/logger.go:143.2,144.16 2 1
/home/nikitas/projects/actors-go/logger/logger.go:144.16,146.3 1 1
/home/nikitas/projects/actors-go/logger/logger.go:147.2,148.17 2 1
/home/nikitas/projects/actors-go/logger/logger.go:151.55,159.16 3 1
/home/nikitas/projects/actors-go/logger/logger.go:159.16,161.3 1 0
/home/nikitas/projects/actors-go/logger/logger.go:162.2,163.33 2 1
/home/nikitas/projects/actors-go/logger/logger.go:163.33,165.3 1 1
/home/nikitas/projects/actors-go/logger/logger.go:166.2,166.14 1 1
/home/nikitas/projects/actors-go/logger/logger.go:169.47,172.16 3 1
/home/nikitas/projects/actors-go/logger/logger.go:172.16,174.3 1 0
/home/nikitas/projects/actors-go/logger/logger.go:175.2,180.16 2 1
/home/nikitas/projects/actors-go/logger/logger.go:180.16,182.3 1 0
/home/nikitas/projects/actors-go/logger/logger.go:183.2,192.16 5 1
/home/nikitas/projects/actors-go/logger/logger.go:192.16,194.3 1 0
/home/nikitas/projects/actors-go/logger/logger.go:195.2,195.29 1 1
/home/nikitas/projects/actors-go/logger/main.go:10.13,22.41 12 1
/home/nikitas/projects/actors-go/logger/main.go:22.41,25.3 2 1
/home/nikitas/projects/actors-go/logger/main.go:26.2,39.16 4 1
/home/nikitas/projects/actors-go/logger/main.go:39.16,41.3 1 0
