mode: set
/home/nikitas/projects/actors-go/utils/utils.go:28.9,29.6 1 1
/home/nikitas/projects/actors-go/utils/utils.go:29.6,30.10 1 1
/home/nikitas/projects/actors-go/utils/utils.go:31.21,32.14 1 1
/home/nikitas/projects/actors-go/utils/utils.go:33.25,36.18 3 1
/home/nikitas/projects/actors-go/utils/utils.go:36.18,38.5 1 0
/home/nikitas/projects/actors-go/utils/utils.go:39.4,40.18 2 1
/home/nikitas/projects/actors-go/utils/utils.go:40.18,42.5 1 0
/home/nikitas/projects/actors-go/utils/utils.go:47.91,54.16 3 1
/home/nikitas/projects/actors-go/utils/utils.go:54.16,56.3 1 0
/home/nikitas/projects/actors-go/utils/utils.go:57.2,57.12 1 1
/home/nikitas/projects/actors-go/utils/utils.go:65.32,75.16 10 1
/home/nikitas/projects/actors-go/utils/utils.go:75.16,77.3 1 1
/home/nikitas/projects/actors-go/utils/utils.go:78.2,78.22 1 1
/home/nikitas/projects/actors-go/utils/utils.go:86.28,95.16 8 1
/home/nikitas/projects/actors-go/utils/utils.go:95.16,97.3 1 1
/home/nikitas/projects/actors-go/utils/utils.go:98.2,98.22 1 1
/home/nikitas/projects/actors-go/utils/utils.go:107.9,109.16 2 1
/home/nikitas/projects/actors-go/utils/utils.go:109.16,111.3 1 0
/home/nikitas/projects/actors-go/utils/utils.go:112.2,113.21 2 1
/home/nikitas/projects/actors-go/utils/utils.go:113.21,114.10 1 1
/home/nikitas/projects/actors-go/utils/utils.go:115.36,116.20 1 0
/home/nikitas/projects/actors-go/utils/utils.go:117.38,118.18 1 1
/home/nikitas/projects/actors-go/utils/utils.go:119.21,120.18 1 1
/home/nikitas/projects/actors-go/utils/utils.go:123.2,123.12 1 1
/home/nikitas/projects/actors-go/utils/utils.go:127.94,131.16 4 1
/home/nikitas/projects/actors-go/utils/utils.go:131.16,133.3 1 1
/home/nikitas/projects/actors-go/utils/utils.go:134.2,134.25 1 1
/home/nikitas/projects/actors-go/utils/utils.go:134.25,136.3 1 1
/home/nikitas/projects/actors-go/utils/utils.go:137.2,139.20 3 1
/home/nikitas/projects/actors-go/utils/utils.go:143.67,145.16 2 1
/home/nikitas/projects/actors-go/utils/utils.go:145.16,147.3 1 1
/home/nikitas/projects/actors-go/utils/utils.go:148.2,148.21 1 1
/home/nikitas/projects/actors-go/utils/utils.go:148.21,150.3 1 1
/home/nikitas/projects/actors-go/utils/utils.go:151.2,151.19 1 1
/home/nikitas/projects/actors-go/utils/utils.go:154.31,156.16 2 1
/home/nikitas/projects/actors-go/utils/utils.go:156.16,158.3 1 0
/home/nikitas/projects/actors-go/utils/utils.go:159.2,159.12 1 1
/home/nikitas/projects/actors-go/utils/utils.go:162.54,163.37 1 1
/home/nikitas/projects/actors-go/utils/utils.go:163.37,165.3 1 1
/home/nikitas/projects/actors-go/utils/utils.go:166.2,166.12 1 1
