mode: set
/home/nikitas/projects/actors-go/tcp/client-handling.go:26.9,32.71 6 1
/home/nikitas/projects/actors-go/tcp/client-handling.go:32.71,34.3 1 1
/home/nikitas/projects/actors-go/tcp/client-handling.go:34.8,34.78 1 1
/home/nikitas/projects/actors-go/tcp/client-handling.go:34.78,36.3 1 1
/home/nikitas/projects/actors-go/tcp/client-handling.go:36.8,36.81 1 1
/home/nikitas/projects/actors-go/tcp/client-handling.go:36.81,38.3 1 1
/home/nikitas/projects/actors-go/tcp/client-handling.go:38.8,38.81 1 1
/home/nikitas/projects/actors-go/tcp/client-handling.go:38.81,40.3 1 1
/home/nikitas/projects/actors-go/tcp/client-handling.go:40.8,40.81 1 1
/home/nikitas/projects/actors-go/tcp/client-handling.go:40.81,42.3 1 1
/home/nikitas/projects/actors-go/tcp/client-handling.go:43.2,43.12 1 1
/home/nikitas/projects/actors-go/tcp/client-handling.go:46.69,49.16 3 1
/home/nikitas/projects/actors-go/tcp/client-handling.go:49.16,51.3 1 1
/home/nikitas/projects/actors-go/tcp/client-handling.go:52.2,54.17 3 1
/home/nikitas/projects/actors-go/tcp/client-handling.go:57.49,60.16 3 1
/home/nikitas/projects/actors-go/tcp/client-handling.go:60.16,62.3 1 0
/home/nikitas/projects/actors-go/tcp/client-handling.go:63.2,63.12 1 1
/home/nikitas/projects/actors-go/tcp/client-handling.go:66.83,68.16 2 1
/home/nikitas/projects/actors-go/tcp/client-handling.go:68.16,70.3 1 1
/home/nikitas/projects/actors-go/tcp/client-handling.go:71.2,72.40 2 1
/home/nikitas/projects/actors-go/tcp/client-handling.go:72.40,74.3 1 1
/home/nikitas/projects/actors-go/tcp/client-handling.go:75.2,75.18 1 1
/home/nikitas/projects/actors-go/tcp/client-handling.go:78.42,80.20 2 1
/home/nikitas/projects/actors-go/tcp/client-handling.go:80.20,83.3 2 1
/home/nikitas/projects/actors-go/tcp/client-handling.go:84.2,84.42 1 1
/home/nikitas/projects/actors-go/tcp/client-handling.go:92.9,96.20 3 1
/home/nikitas/projects/actors-go/tcp/client-handling.go:96.20,98.3 1 1
/home/nikitas/projects/actors-go/tcp/client-handling.go:99.2,101.25 3 1
/home/nikitas/projects/actors-go/tcp/client-handling.go:101.25,103.3 1 1
/home/nikitas/projects/actors-go/tcp/client-handling.go:104.2,105.25 2 1
/home/nikitas/projects/actors-go/tcp/client-handling.go:105.25,107.3 1 1
/home/nikitas/projects/actors-go/tcp/client-handling.go:108.2,114.16 3 1
/home/nikitas/projects/actors-go/tcp/client-handling.go:114.16,116.3 1 0
/home/nikitas/projects/actors-go/tcp/client-handling.go:117.2,117.12 1 1
/home/nikitas/projects/actors-go/tcp/client-handling.go:120.67,123.20 2 1
/home/nikitas/projects/actors-go/tcp/client-handling.go:123.20,125.3 1 1
/home/nikitas/projects/actors-go/tcp/client-handling.go:126.2,130.25 5 1
/home/nikitas/projects/actors-go/tcp/client-handling.go:130.25,132.3 1 1
/home/nikitas/projects/actors-go/tcp/client-handling.go:133.2,133.39 1 1
/home/nikitas/projects/actors-go/tcp/client-handling.go:133.39,135.3 1 1
/home/nikitas/projects/actors-go/tcp/client-handling.go:136.2,137.37 2 1
/home/nikitas/projects/actors-go/tcp/client-handling.go:137.37,139.3 1 0
/home/nikitas/projects/actors-go/tcp/client-handling.go:140.2,140.43 1 1
/home/nikitas/projects/actors-go/tcp/client-handling.go:143.67,146.20 2 1
/home/nikitas/projects/actors-go/tcp/client-handling.go:146.20,148.3 1 1
/home/nikitas/projects/actors-go/tcp/client-handling.go:149.2,151.19 3 1
/home/nikitas/projects/actors-go/tcp/client-handling.go:151.19,153.3 1 1
/home/nikitas/projects/actors-go/tcp/client-handling.go:154.2,155.25 2 1
/home/nikitas/projects/actors-go/tcp/client-handling.go:155.25,157.3 1 1
/home/nikitas/projects/actors-go/tcp/client-handling.go:158.2,159.16 2 1
/home/nikitas/projects/actors-go/tcp/client-handling.go:159.16,161.3 1 1
/home/nikitas/projects/actors-go/tcp/client-handling.go:162.2,162.36 1 1
/home/nikitas/projects/actors-go/tcp/client-handling.go:165.64,174.37 4 1
/home/nikitas/projects/actors-go/tcp/client-handling.go:174.37,176.3 1 0
/home/nikitas/projects/actors-go/tcp/client-handling.go:177.2,177.39 1 1
/home/nikitas/projects/actors-go/tcp/client-handling.go:180.70,185.2 4 1
/home/nikitas/projects/actors-go/tcp/main.go:16.13,32.39 16 1
/home/nikitas/projects/actors-go/tcp/main.go:32.39,35.3 2 1
/home/nikitas/projects/actors-go/tcp/main.go:36.2,59.16 11 1
/home/nikitas/projects/actors-go/tcp/main.go:59.16,61.3 1 0
/home/nikitas/projects/actors-go/tcp/server.go:57.9,66.16 5 1
/home/nikitas/projects/actors-go/tcp/server.go:66.16,68.3 1 1
/home/nikitas/projects/actors-go/tcp/server.go:69.2,71.16 3 1
/home/nikitas/projects/actors-go/tcp/server.go:71.16,73.3 1 1
/home/nikitas/projects/actors-go/tcp/server.go:74.2,80.16 3 1
/home/nikitas/projects/actors-go/tcp/server.go:80.16,82.3 1 1
/home/nikitas/projects/actors-go/tcp/server.go:83.2,105.16 6 1
/home/nikitas/projects/actors-go/tcp/server.go:105.16,107.3 1 0
/home/nikitas/projects/actors-go/tcp/server.go:108.2,109.47 2 1
/home/nikitas/projects/actors-go/tcp/server.go:109.47,111.3 1 1
/home/nikitas/projects/actors-go/tcp/server.go:112.2,127.24 7 1
/home/nikitas/projects/actors-go/tcp/server.go:127.24,128.10 1 1
/home/nikitas/projects/actors-go/tcp/server.go:129.21,130.21 1 1
/home/nikitas/projects/actors-go/tcp/server.go:131.25,133.14 2 1
/home/nikitas/projects/actors-go/tcp/server.go:133.14,137.5 2 1
/home/nikitas/projects/actors-go/tcp/server.go:138.11,141.56 3 1
/home/nikitas/projects/actors-go/tcp/server.go:141.56,142.13 1 1
/home/nikitas/projects/actors-go/tcp/server.go:143.10,143.25 1 1
/home/nikitas/projects/actors-go/tcp/server.go:143.25,145.13 2 0
/home/nikitas/projects/actors-go/tcp/server.go:147.4,147.19 1 1
/home/nikitas/projects/actors-go/tcp/server.go:151.2,153.12 3 1
/home/nikitas/projects/actors-go/tcp/server.go:162.3,167.24 5 1
/home/nikitas/projects/actors-go/tcp/server.go:167.24,168.10 1 1
/home/nikitas/projects/actors-go/tcp/server.go:169.32,171.30 2 1
/home/nikitas/projects/actors-go/tcp/server.go:171.30,173.5 1 1
/home/nikitas/projects/actors-go/tcp/server.go:174.4,175.26 2 1
/home/nikitas/projects/actors-go/tcp/server.go:176.21,177.21 1 1
/home/nikitas/projects/actors-go/tcp/server.go:178.26,185.5 3 1
/home/nikitas/projects/actors-go/tcp/server.go:186.22,188.23 2 1
/home/nikitas/projects/actors-go/tcp/server.go:191.2,193.26 3 1
/home/nikitas/projects/actors-go/tcp/server.go:193.26,196.3 2 1
/home/nikitas/projects/actors-go/tcp/server.go:197.2,198.18 2 1
/home/nikitas/projects/actors-go/tcp/server.go:205.3,211.21 5 1
/home/nikitas/projects/actors-go/tcp/server.go:211.21,212.10 1 1
/home/nikitas/projects/actors-go/tcp/server.go:213.21,214.18 1 0
/home/nikitas/projects/actors-go/tcp/server.go:215.14,217.27 2 0
/home/nikitas/projects/actors-go/tcp/server.go:217.27,219.5 1 0
/home/nikitas/projects/actors-go/tcp/server.go:220.11,222.60 2 1
/home/nikitas/projects/actors-go/tcp/server.go:222.60,223.13 1 1
/home/nikitas/projects/actors-go/tcp/server.go:224.10,224.25 1 1
/home/nikitas/projects/actors-go/tcp/server.go:224.25,227.13 3 1
/home/nikitas/projects/actors-go/tcp/server.go:229.4,231.18 3 1
/home/nikitas/projects/actors-go/tcp/server.go:231.18,234.13 3 0
/home/nikitas/projects/actors-go/tcp/server.go:238.2,238.17 1 1
/home/nikitas/projects/actors-go/tcp/server.go:244.3,245.6 1 1
/home/nikitas/projects/actors-go/tcp/server.go:245.6,246.10 1 1
/home/nikitas/projects/actors-go/tcp/server.go:247.21,248.10 1 1
/home/nikitas/projects/actors-go/tcp/server.go:249.30,250.22 1 1
/home/nikitas/projects/actors-go/tcp/server.go:255.43,256.36 1 1
/home/nikitas/projects/actors-go/tcp/server.go:256.36,258.17 2 1
/home/nikitas/projects/actors-go/tcp/server.go:258.17,260.4 1 0
